Watching for file changes with StatReloader
Cannot execute silk_profile as silk is not installed correctly.
Calling HTTPbin
Received the Response
/mnt/c/Users/natiq/Desktop/storeapp/storefront/settings.py changed, reloading.
2024-01-16 16:09:23,242, (INFO) - django.utils.autoreload - Watching for file changes with StatReloader
2024-01-16 16:09:23,504, (WARNING) - silk.profiling.profiler - Cannot execute silk_profile as silk is not installed correctly.
2024-01-16 16:09:25,805, (INFO) - playground.views - Calling HTTPbin
2024-01-16 16:09:28,409, (INFO) - playground.views - Received the Response
2024-01-16 16:32:14,351, (INFO) - django.utils.autoreload - /mnt/c/Users/natiq/Desktop/storeapp/manage.py changed, reloading.
2024-01-16 16:33:25,378, (INFO) - django.utils.autoreload - Watching for file changes with StatReloader
2024-01-16 16:33:25,737, (WARNING) - silk.profiling.profiler - Cannot execute silk_profile as silk is not installed correctly.
2024-01-16 16:33:41,358, (WARNING) - django.request - Unauthorized: /store/customers/
2024-01-16 16:35:05,358, (WARNING) - django.request - Unauthorized: /store/collections/
2024-01-16 16:35:05,411, (WARNING) - django.request - Forbidden: /store/collections/
2024-01-16 16:35:05,451, (WARNING) - django.request - Bad Request: /store/collections/
2024-01-16 16:36:30,063, (INFO) - django.utils.autoreload - /mnt/c/Users/natiq/Desktop/storeapp/storefront/settings/common.py changed, reloading.
2024-01-16 16:36:31,841, (INFO) - django.utils.autoreload - Watching for file changes with StatReloader
2024-01-16 16:36:32,141, (WARNING) - silk.profiling.profiler - Cannot execute silk_profile as silk is not installed correctly.
2024-01-16 16:37:08,933, (WARNING) - django.request - Unauthorized: /store/collections/
2024-01-16 16:37:09,307, (WARNING) - django.request - Forbidden: /store/collections/
2024-01-16 16:37:09,638, (WARNING) - django.request - Bad Request: /store/collections/
2024-01-16 16:38:50,984, (INFO) - django.utils.autoreload - /mnt/c/Users/natiq/Desktop/storeapp/storefront/settings/common.py changed, reloading.
2024-01-16 16:38:52,246, (INFO) - django.utils.autoreload - Watching for file changes with StatReloader
2024-01-16 16:38:52,498, (WARNING) - silk.profiling.profiler - Cannot execute silk_profile as silk is not installed correctly.
2024-01-16 16:41:10,287, (INFO) - django.utils.autoreload - /mnt/c/Users/natiq/Desktop/storeapp/storefront/settings/common.py changed, reloading.
2024-01-16 16:41:11,997, (INFO) - django.utils.autoreload - Watching for file changes with StatReloader
2024-01-16 16:41:12,233, (WARNING) - silk.profiling.profiler - Cannot execute silk_profile as silk is not installed correctly.
2024-01-16 16:43:23,305, (INFO) - django.utils.autoreload - Watching for file changes with StatReloader
2024-01-16 16:43:23,578, (WARNING) - silk.profiling.profiler - Cannot execute silk_profile as silk is not installed correctly.
2024-01-16 17:15:04,721, (WARNING) - silk.profiling.profiler - Cannot execute silk_profile as silk is not installed correctly.
2024-01-17 08:50:01,188, (INFO) - django.utils.autoreload - Watching for file changes with StatReloader
2024-01-17 08:50:01,881, (WARNING) - silk.profiling.profiler - Cannot execute silk_profile as silk is not installed correctly.
2024-01-17 08:50:10,648, (INFO) - django.utils.autoreload - /mnt/c/Users/natiq/Desktop/storeapp/storefront/settings/common.py changed, reloading.
2024-01-17 08:50:11,836, (INFO) - django.utils.autoreload - Watching for file changes with StatReloader
2024-01-17 08:50:42,050, (INFO) - django.utils.autoreload - /mnt/c/Users/natiq/Desktop/storeapp/storefront/settings/common.py changed, reloading.
2024-01-17 08:50:43,134, (INFO) - django.utils.autoreload - Watching for file changes with StatReloader
2024-01-17 08:50:43,472, (WARNING) - silk.profiling.profiler - Cannot execute silk_profile as silk is not installed correctly.
2024-01-17 08:54:26,587, (INFO) - django.utils.autoreload - /mnt/c/Users/natiq/Desktop/storeapp/storefront/settings/common.py changed, reloading.
2024-01-17 08:54:27,729, (INFO) - django.utils.autoreload - Watching for file changes with StatReloader
2024-01-17 08:54:28,019, (WARNING) - silk.profiling.profiler - Cannot execute silk_profile as silk is not installed correctly.
2024-01-17 08:56:09,582, (INFO) - django.utils.autoreload - /mnt/c/Users/natiq/Desktop/storeapp/storefront/settings/common.py changed, reloading.
2024-01-17 08:56:11,038, (INFO) - django.utils.autoreload - Watching for file changes with StatReloader
2024-01-17 08:56:11,256, (WARNING) - silk.profiling.profiler - Cannot execute silk_profile as silk is not installed correctly.
2024-01-17 08:59:05,995, (WARNING) - silk.profiling.profiler - Cannot execute silk_profile as silk is not installed correctly.
2024-01-17 08:59:08,069, (WARNING) - silk.profiling.profiler - Cannot execute silk_profile as silk is not installed correctly.
2024-01-18 10:59:13,912, (INFO) - django.utils.autoreload - Watching for file changes with StatReloader
2024-01-18 10:59:24,518, (INFO) - django.utils.autoreload - /mnt/c/Users/natiq/Desktop/storeapp/playground/urls.py changed, reloading.
2024-01-18 10:59:25,220, (INFO) - django.utils.autoreload - Watching for file changes with StatReloader
2024-01-18 10:59:25,452, (WARNING) - silk.profiling.profiler - Cannot execute silk_profile as silk is not installed correctly.
2024-01-18 10:59:28,327, (WARNING) - django.request - Not Found: /favicon.ico
2024-01-25 16:46:52,935, (WARNING) - silk.profiling.profiler - Cannot execute silk_profile as silk is not installed correctly.
2024-01-25 16:46:52,968, (WARNING) - silk.profiling.profiler - Cannot execute silk_profile as silk is not installed correctly.
2024-01-25 16:47:10,480, (INFO) - django.utils.autoreload - Watching for file changes with StatReloader
2024-01-25 16:47:11,263, (WARNING) - silk.profiling.profiler - Cannot execute silk_profile as silk is not installed correctly.
2024-01-25 16:56:35,832, (INFO) - django.utils.autoreload - Watching for file changes with StatReloader
2024-01-25 16:56:36,096, (WARNING) - silk.profiling.profiler - Cannot execute silk_profile as silk is not installed correctly.
2024-01-25 17:01:22,013, (WARNING) - silk.profiling.profiler - Cannot execute silk_profile as silk is not installed correctly.
2024-01-25 17:01:22,017, (WARNING) - silk.profiling.profiler - Cannot execute silk_profile as silk is not installed correctly.
2024-01-25 17:01:24,807, (INFO) - django.utils.autoreload - Watching for file changes with StatReloader
2024-01-25 17:01:26,464, (WARNING) - silk.profiling.profiler - Cannot execute silk_profile as silk is not installed correctly.
2024-01-25 18:45:47,491, (WARNING) - silk.profiling.profiler - Cannot execute silk_profile as silk is not installed correctly.
2024-01-25 18:45:47,499, (WARNING) - silk.profiling.profiler - Cannot execute silk_profile as silk is not installed correctly.
2024-01-25 18:46:00,655, (INFO) - django.utils.autoreload - Watching for file changes with StatReloader
2024-01-25 18:46:02,151, (WARNING) - silk.profiling.profiler - Cannot execute silk_profile as silk is not installed correctly.
2024-01-25 18:56:43,770, (INFO) - django.utils.autoreload - Watching for file changes with StatReloader
2024-01-25 18:56:44,039, (WARNING) - silk.profiling.profiler - Cannot execute silk_profile as silk is not installed correctly.
2024-01-25 19:01:24,684, (WARNING) - silk.profiling.profiler - Cannot execute silk_profile as silk is not installed correctly.
2024-01-25 19:01:24,684, (WARNING) - silk.profiling.profiler - Cannot execute silk_profile as silk is not installed correctly.
2024-01-25 19:01:29,441, (INFO) - django.utils.autoreload - Watching for file changes with StatReloader
2024-01-25 19:01:29,947, (WARNING) - silk.profiling.profiler - Cannot execute silk_profile as silk is not installed correctly.
2024-01-25 19:06:34,093, (WARNING) - silk.profiling.profiler - Cannot execute silk_profile as silk is not installed correctly.
2024-01-25 19:06:34,271, (WARNING) - silk.profiling.profiler - Cannot execute silk_profile as silk is not installed correctly.
2024-01-25 19:06:39,637, (INFO) - django.utils.autoreload - Watching for file changes with StatReloader
2024-01-25 19:06:39,848, (WARNING) - silk.profiling.profiler - Cannot execute silk_profile as silk is not installed correctly.
2024-01-25 19:20:50,707, (WARNING) - silk.profiling.profiler - Cannot execute silk_profile as silk is not installed correctly.
2024-01-25 19:20:58,823, (WARNING) - silk.profiling.profiler - Cannot execute silk_profile as silk is not installed correctly.
2024-01-25 19:21:00,265, (INFO) - django.utils.autoreload - Watching for file changes with StatReloader
2024-01-25 19:21:00,523, (WARNING) - silk.profiling.profiler - Cannot execute silk_profile as silk is not installed correctly.
2024-01-25 19:25:15,487, (WARNING) - silk.profiling.profiler - Cannot execute silk_profile as silk is not installed correctly.
2024-01-25 19:25:15,530, (WARNING) - silk.profiling.profiler - Cannot execute silk_profile as silk is not installed correctly.
2024-01-25 19:25:17,954, (INFO) - django.utils.autoreload - Watching for file changes with StatReloader
2024-01-25 19:25:18,477, (WARNING) - silk.profiling.profiler - Cannot execute silk_profile as silk is not installed correctly.
2024-01-25 19:57:47,506, (INFO) - django.utils.autoreload - Watching for file changes with StatReloader
2024-01-25 19:57:47,955, (WARNING) - silk.profiling.profiler - Cannot execute silk_profile as silk is not installed correctly.
2024-01-25 20:01:01,352, (WARNING) - silk.profiling.profiler - Cannot execute silk_profile as silk is not installed correctly.
2024-01-25 20:01:01,352, (WARNING) - silk.profiling.profiler - Cannot execute silk_profile as silk is not installed correctly.
2024-01-25 20:01:02,917, (INFO) - django.utils.autoreload - Watching for file changes with StatReloader
2024-01-25 20:01:03,964, (WARNING) - silk.profiling.profiler - Cannot execute silk_profile as silk is not installed correctly.
2024-01-25 20:02:43,781, (WARNING) - silk.profiling.profiler - Cannot execute silk_profile as silk is not installed correctly.
2024-01-25 20:02:49,668, (WARNING) - silk.profiling.profiler - Cannot execute silk_profile as silk is not installed correctly.
2024-01-25 20:02:51,631, (INFO) - django.utils.autoreload - Watching for file changes with StatReloader
2024-01-25 20:02:52,485, (WARNING) - silk.profiling.profiler - Cannot execute silk_profile as silk is not installed correctly.
2024-01-25 20:46:11,200, (WARNING) - silk.profiling.profiler - Cannot execute silk_profile as silk is not installed correctly.
2024-01-25 20:46:11,261, (WARNING) - silk.profiling.profiler - Cannot execute silk_profile as silk is not installed correctly.
2024-01-25 20:46:14,204, (INFO) - django.utils.autoreload - Watching for file changes with StatReloader
2024-01-25 20:46:14,718, (WARNING) - silk.profiling.profiler - Cannot execute silk_profile as silk is not installed correctly.
2024-01-25 20:47:17,237, (WARNING) - silk.profiling.profiler - Cannot execute silk_profile as silk is not installed correctly.
2024-01-25 20:47:24,920, (WARNING) - silk.profiling.profiler - Cannot execute silk_profile as silk is not installed correctly.
2024-01-25 20:47:30,013, (INFO) - django.utils.autoreload - Watching for file changes with StatReloader
2024-01-25 20:47:30,670, (WARNING) - silk.profiling.profiler - Cannot execute silk_profile as silk is not installed correctly.
2024-01-26 09:04:23,403, (INFO) - django.utils.autoreload - Watching for file changes with StatReloader
2024-01-26 09:04:24,303, (WARNING) - silk.profiling.profiler - Cannot execute silk_profile as silk is not installed correctly.
2024-01-26 09:07:24,853, (WARNING) - silk.profiling.profiler - Cannot execute silk_profile as silk is not installed correctly.
2024-01-26 09:07:25,021, (WARNING) - silk.profiling.profiler - Cannot execute silk_profile as silk is not installed correctly.
2024-01-26 09:07:31,774, (INFO) - django.utils.autoreload - Watching for file changes with StatReloader
2024-01-26 09:07:32,612, (WARNING) - silk.profiling.profiler - Cannot execute silk_profile as silk is not installed correctly.
